TN:
SF:src/app/layout.tsx
FN:13,RootLayout
FNF:1
FNH:0
FNDA:0,RootLayout
DA:2,0
DA:3,0
DA:4,0
DA:6,0
DA:8,0
DA:13,0
LF:6
LH:0
BRF:0
BRH:0
end_of_record
TN:
SF:src/app/(auth)/items/[id]/page.tsx
FN:15,ItemDetailPage
FNF:1
FNH:0
FNDA:0,ItemDetailPage
DA:1,0
DA:2,0
DA:3,0
DA:4,0
DA:13,0
DA:15,0
DA:16,0
DA:18,0
DA:19,0
DA:22,0
LF:10
LH:0
BRDA:18,0,0,0
BRDA:18,1,0,0
BRDA:18,1,1,0
BRDA:45,2,0,0
BRDA:67,3,0,0
BRDA:79,4,0,0
BRDA:86,5,0,0
BRDA:93,6,0,0
BRDA:100,7,0,0
BRDA:107,8,0,0
BRDA:114,9,0,0
BRF:11
BRH:0
end_of_record
TN:
SF:src/app/(auth)/items/[id]/edit/page.tsx
FN:19,EditItemPage
FN:26,(anonymous_2)
FN:27,loadData
FN:56,(anonymous_4)
FN:68,(anonymous_5)
FNF:5
FNH:0
FNDA:0,EditItemPage
FNDA:0,(anonymous_2)
FNDA:0,loadData
FNDA:0,(anonymous_4)
FNDA:0,(anonymous_5)
DA:3,0
DA:4,0
DA:5,0
DA:6,0
DA:7,0
DA:11,0
DA:19,0
DA:20,0
DA:21,0
DA:22,0
DA:23,0
DA:24,0
DA:26,0
DA:28,0
DA:29,0
DA:35,0
DA:36,0
DA:37,0
DA:38,0
DA:41,0
DA:42,0
DA:43,0
DA:45,0
DA:46,0
DA:47,0
DA:49,0
DA:53,0
DA:56,0
DA:57,0
DA:59,0
DA:60,0
DA:61,0
DA:63,0
DA:64,0
DA:68,0
DA:69,0
DA:72,0
DA:86,0
DA:87,0
LF:39
LH:0
BRDA:35,0,0,0
BRDA:35,1,0,0
BRDA:35,1,1,0
BRDA:42,2,0,0
BRDA:42,2,1,0
BRDA:43,3,0,0
BRDA:43,3,1,0
BRDA:59,4,0,0
BRDA:59,4,1,0
BRDA:63,5,0,0
BRDA:63,5,1,0
BRDA:72,6,0,0
BRDA:86,7,0,0
BRDA:104,8,0,0
BRDA:104,8,1,0
BRDA:108,9,0,0
BRDA:108,9,1,0
BRDA:109,10,0,0
BRDA:109,10,1,0
BRDA:110,11,0,0
BRDA:110,11,1,0
BRDA:112,12,0,0
BRDA:112,12,1,0
BRDA:113,13,0,0
BRDA:113,13,1,0
BRDA:114,14,0,0
BRDA:114,14,1,0
BRF:27
BRH:0
end_of_record
TN:
SF:src/app/(auth)/items/create/page.tsx
FN:13,CreateItemPage
FN:19,(anonymous_2)
FN:20,loadData
FN:40,(anonymous_4)
FN:52,(anonymous_5)
FNF:5
FNH:0
FNDA:0,CreateItemPage
FNDA:0,(anonymous_2)
FNDA:0,loadData
FNDA:0,(anonymous_4)
FNDA:0,(anonymous_5)
DA:3,0
DA:4,0
DA:5,0
DA:6,0
DA:7,0
DA:11,0
DA:13,0
DA:14,0
DA:15,0
DA:16,0
DA:17,0
DA:19,0
DA:21,0
DA:22,0
DA:27,0
DA:28,0
DA:30,0
DA:31,0
DA:33,0
DA:37,0
DA:40,0
DA:41,0
DA:43,0
DA:44,0
DA:45,0
DA:47,0
DA:48,0
DA:52,0
DA:53,0
DA:56,0
LF:30
LH:0
BRDA:27,0,0,0
BRDA:27,0,1,0
BRDA:28,1,0,0
BRDA:28,1,1,0
BRDA:43,2,0,0
BRDA:43,2,1,0
BRDA:43,3,0,0
BRDA:43,3,1,0
BRDA:47,4,0,0
BRDA:47,4,1,0
BRDA:56,5,0,0
BRF:11
BRH:0
end_of_record
TN:
SF:src/app/actions/items.ts
FN:8,createItem
FN:29,updateItem
FN:63,deleteItem
FN:91,getItem
FN:121,getCategories
FN:133,getLocations
FNF:6
FNH:0
FNDA:0,createItem
FNDA:0,updateItem
FNDA:0,deleteItem
FNDA:0,getItem
FNDA:0,getCategories
FNDA:0,getLocations
DA:3,0
DA:4,0
DA:5,0
DA:8,0
DA:9,0
DA:10,0
DA:21,0
DA:22,0
DA:24,0
DA:25,0
DA:29,0
DA:30,0
DA:32,0
DA:37,0
DA:38,0
DA:41,0
DA:42,0
DA:45,0
DA:54,0
DA:55,0
DA:56,0
DA:58,0
DA:59,0
DA:63,0
DA:64,0
DA:66,0
DA:71,0
DA:72,0
DA:75,0
DA:76,0
DA:79,0
DA:83,0
DA:84,0
DA:86,0
DA:87,0
DA:91,0
DA:92,0
DA:93,0
DA:106,0
DA:107,0
DA:110,0
DA:111,0
DA:114,0
DA:116,0
DA:117,0
DA:121,0
DA:122,0
DA:123,0
DA:126,0
DA:128,0
DA:129,0
DA:133,0
DA:134,0
DA:135,0
DA:138,0
DA:140,0
DA:141,0
LF:57
LH:0
BRDA:37,0,0,0
BRDA:41,1,0,0
BRDA:71,2,0,0
BRDA:75,3,0,0
BRDA:106,4,0,0
BRDA:110,5,0,0
BRF:6
BRH:0
end_of_record
TN:
SF:src/app/api/items/route.ts
FN:4,GET
FN:50,POST
FNF:2
FNH:0
FNDA:0,GET
FNDA:0,POST
DA:1,0
DA:2,0
DA:4,0
DA:5,0
DA:6,0
DA:7,0
DA:8,0
DA:9,0
DA:11,0
DA:13,0
DA:14,0
DA:19,0
DA:20,0
DA:25,0
DA:26,0
DA:32,0
DA:43,0
DA:45,0
DA:46,0
DA:50,0
DA:51,0
DA:52,0
DA:53,0
DA:56,0
DA:57,0
DA:63,0
DA:75,0
DA:77,0
DA:79,0
DA:80,0
DA:83,0
LF:31
LH:0
BRDA:13,0,0,0
BRDA:19,1,0,0
BRDA:25,2,0,0
BRDA:56,3,0,0
BRDA:56,4,0,0
BRDA:56,4,1,0
BRDA:56,4,2,0
BRDA:56,4,3,0
BRDA:66,5,0,0
BRDA:66,5,1,0
BRDA:67,6,0,0
BRDA:67,6,1,0
BRDA:79,7,0,0
BRF:13
BRH:0
end_of_record
TN:
SF:src/app/api/items/[id]/route.ts
FN:10,GET
FN:36,PUT
FN:61,DELETE
FNF:3
FNH:0
FNDA:0,GET
FNDA:0,PUT
FNDA:0,DELETE
DA:1,0
DA:2,0
DA:10,0
DA:11,0
DA:12,0
DA:25,0
DA:26,0
DA:29,0
DA:31,0
DA:32,0
DA:36,0
DA:37,0
DA:38,0
DA:40,0
DA:49,0
DA:51,0
DA:53,0
DA:54,0
DA:57,0
DA:61,0
DA:62,0
DA:63,0
DA:67,0
DA:69,0
DA:71,0
DA:72,0
DA:75,0
LF:27
LH:0
BRDA:25,0,0,0
BRDA:53,1,0,0
BRDA:71,2,0,0
BRF:3
BRH:0
end_of_record
TN:
SF:src/components/items/DeleteButton.tsx
FN:16,DeleteButton
FN:21,(anonymous_2)
FN:53,(anonymous_3)
FN:65,(anonymous_4)
FNF:4
FNH:0
FNDA:0,DeleteButton
FNDA:0,(anonymous_2)
FNDA:0,(anonymous_3)
FNDA:0,(anonymous_4)
DA:3,0
DA:4,0
DA:5,0
DA:6,0
DA:9,0
DA:16,0
DA:17,0
DA:18,0
DA:19,0
DA:21,0
DA:22,0
DA:23,0
DA:24,0
DA:26,0
DA:27,0
DA:28,0
DA:29,0
DA:31,0
DA:32,0
DA:35,0
DA:36,0
DA:37,0
DA:41,0
DA:53,0
DA:65,0
LF:25
LH:0
BRDA:26,0,0,0
BRDA:26,0,1,0
BRDA:27,1,0,0
BRDA:27,1,1,0
BRDA:41,2,0,0
BRDA:50,3,0,0
BRDA:50,3,1,0
BRF:7
BRH:0
end_of_record
TN:
SF:src/components/items/ItemForm.tsx
FN:14,ItemForm
FN:18,(anonymous_2)
FN:126,(anonymous_3)
FN:149,(anonymous_4)
FNF:4
FNH:0
FNDA:0,ItemForm
FNDA:0,(anonymous_2)
FNDA:0,(anonymous_3)
FNDA:0,(anonymous_4)
DA:3,0
DA:14,0
DA:15,0
DA:16,0
DA:18,0
DA:19,0
DA:20,0
DA:22,0
DA:23,0
DA:39,0
DA:40,0
DA:41,0
DA:43,0
DA:44,0
DA:46,0
DA:47,0
DA:49,0
DA:50,0
DA:52,0
DA:53,0
DA:56,0
DA:57,0
DA:58,0
DA:61,0
DA:62,0
DA:63,0
DA:65,0
DA:66,0
DA:68,0
DA:127,0
DA:150,0
LF:31
LH:0
BRDA:25,0,0,0
BRDA:25,0,1,0
BRDA:28,1,0,0
BRDA:28,1,1,0
BRDA:29,2,0,0
BRDA:29,2,1,0
BRDA:30,3,0,0
BRDA:30,3,1,0
BRDA:31,4,0,0
BRDA:31,4,1,0
BRDA:32,5,0,0
BRDA:32,5,1,0
BRDA:33,6,0,0
BRDA:33,6,1,0
BRDA:34,7,0,0
BRDA:34,7,1,0
BRDA:35,8,0,0
BRDA:35,8,1,0
BRDA:40,9,0,0
BRDA:40,10,0,0
BRDA:40,10,1,0
BRDA:43,11,0,0
BRDA:46,12,0,0
BRDA:49,13,0,0
BRDA:52,14,0,0
BRDA:52,15,0,0
BRDA:52,15,1,0
BRDA:56,16,0,0
BRDA:74,17,0,0
BRDA:91,18,0,0
BRDA:91,18,1,0
BRDA:93,19,0,0
BRDA:132,20,0,0
BRDA:155,21,0,0
BRDA:171,22,0,0
BRDA:171,22,1,0
BRDA:175,23,0,0
BRDA:189,24,0,0
BRDA:189,24,1,0
BRDA:206,25,0,0
BRDA:206,25,1,0
BRDA:210,26,0,0
BRDA:225,27,0,0
BRDA:225,27,1,0
BRDA:238,28,0,0
BRDA:238,28,1,0
BRDA:257,29,0,0
BRDA:257,29,1,0
BRDA:270,30,0,0
BRDA:270,30,1,0
BRDA:284,31,0,0
BRDA:284,31,1,0
BRDA:315,32,0,0
BRDA:315,32,1,0
BRDA:315,33,0,0
BRDA:315,33,1,0
BRF:56
BRH:0
end_of_record
TN:
SF:src/lib/prisma.ts
FNF:0
FNH:0
DA:1,0
DA:3,0
DA:7,0
DA:8,0
DA:13,0
LF:5
LH:0
BRDA:8,0,0,0
BRDA:8,0,1,0
BRDA:10,1,0,0
BRDA:10,1,1,0
BRDA:13,2,0,0
BRF:5
BRH:0
end_of_record
